#
# A fatal error has been detected by the Java Runtime Environment:
#
#  EXCEPTION_ACCESS_VIOLATION (0xc0000005) at pc=0x0000000059ef1c50, pid=7720, tid=0x0000000000001b98
#
# JRE version: Java(TM) SE Runtime Environment (8.0_151-b12) (build 1.8.0_151-b12)
# Java VM: Java HotSpot(TM) 64-Bit Server VM (25.151-b12 mixed mode windows-amd64 compressed oops)
# Problematic frame:
# V  [jvm.dll+0x4a1c50]
#
# Failed to write core dump. Minidumps are not enabled by default on client versions of Windows
#
# If you would like to submit a bug report, please visit:
#   http://bugreport.java.com/bugreport/crash.jsp
#

---------------  T H R E A D  ---------------

Current thread (0x00000000553be000):  JavaThread "C2 CompilerThread0" daemon [_thread_in_native, id=7064, stack(0x0000000056d50000,0x0000000056e50000)]

siginfo: ExceptionCode=0xc0000005, writing address 0x0000000000000000

Registers:
RAX=0x0000000000000000, RBX=0x000000006003fbb0, RCX=0x0000000056e4c660, RDX=0x0000000017580000
RSP=0x0000000056e4c5c8, RBP=0x0000000000001078, RSI=0x0000000056e4c980, RDI=0x0000000000000e5f
R8 =0x0000000001000000, R9 =0x000000005be01b20, R10=0x0000000059a50000, R11=0x0000000060068790
R12=0x000000005a26df90, R13=0x00000000603434d0, R14=0x0000000000076f90, R15=0x0000000059a50000
RIP=0x0000000059ef1c50, EFLAGS=0x0000000000010246

Top of Stack: (sp=0x0000000056e4c5c8)
0x0000000056e4c5c8:   0000000059eba39f 0000000056e4c9a0
0x0000000056e4c5d8:   000000006003bfb0 0000000000001078
0x0000000056e4c5e8:   0000000056e4c980 0000127400000000
0x0000000056e4c5f8:   0000000000000008 000000005ccbf5c0
0x0000000056e4c608:   0000000000000050 000000005934b630
0x0000000056e4c618:   0000000000000050 0000000060059fb0
0x0000000056e4c628:   00004f5e00000000 0000000000000008
0x0000000056e4c638:   000000005d6ebfa0 0000000000000050
0x0000000056e4c648:   00000000589fb2f0 0000000000000050
0x0000000056e4c658:   0000000060054b50 00000e6400000000
0x0000000056e4c668:   0000000000000003 000000005d577ba0
0x0000000056e4c678:   000000000000000f 00000000567f8b40
0x0000000056e4c688:   0000000000000050 0000000056e4c9a0
0x0000000056e4c698:   0000000000000050 000000005e1024f8
0x0000000056e4c6a8:   0000000056e4c980 0000000000001078
0x0000000056e4c6b8:   0000000060059fb0 00000000000010ff 

Instructions: (pc=0x0000000059ef1c50)
0x0000000059ef1c30:   bb 90 00 00 00 72 e9 48 8b 5c 24 40 48 83 c4 20
0x0000000059ef1c40:   5f c3 cc cc cc cc cc cc cc cc cc cc cc cc cc cc
0x0000000059ef1c50:   40 57 48 83 ec 20 48 63 51 08 48 8b f9 83 fa 08
0x0000000059ef1c60:   73 22 48 8b 41 10 48 8d 0c 90 66 0f 1f 44 00 00 


Register to memory mapping:

RAX=0x0000000000000000 is an unknown value
RBX=0x000000006003fbb0 is an unknown value
RCX=0x0000000056e4c660 is pointing into the stack for thread: 0x00000000553be000
RDX=0x0000000017580000 is an unknown value
RSP=0x0000000056e4c5c8 is pointing into the stack for thread: 0x00000000553be000
RBP=0x0000000000001078 is an unknown value
RSI=0x0000000056e4c980 is pointing into the stack for thread: 0x00000000553be000
RDI=0x0000000000000e5f is an unknown value
R8 =0x0000000001000000 is an unknown value
R9 =0x000000005be01b20 is an unknown value
R10=0x0000000059a50000 is an unknown value
R11=0x0000000060068790 is an unknown value
R12=0x000000005a26df90 is an unknown value
R13=0x00000000603434d0 is an unknown value
R14=0x0000000000076f90 is an unknown value
R15=0x0000000059a50000 is an unknown value


Stack: [0x0000000056d50000,0x0000000056e50000],  sp=0x0000000056e4c5c8,  free space=1009k
Native frames: (J=compiled Java code, j=interpreted, Vv=VM code, C=native code)
V  [jvm.dll+0x4a1c50]
V  [jvm.dll+0x46a39f]
V  [jvm.dll+0x46be68]
V  [jvm.dll+0x46c056]
V  [jvm.dll+0x469be4]
V  [jvm.dll+0x468eaf]
V  [jvm.dll+0x4740fb]
V  [jvm.dll+0x476a07]
V  [jvm.dll+0x459422]
V  [jvm.dll+0xa5be2]
V  [jvm.dll+0xa651f]
V  [jvm.dll+0x244adf]
V  [jvm.dll+0x29c3ea]
C  [msvcr100.dll+0x21d9f]
C  [msvcr100.dll+0x21e3b]
C  [kernel32.dll+0x159cd]
C  [ntdll.dll+0x2a2e1]


Current CompileTask:
C2:   8130 3286       4       org.springframework.asm.ClassReader::readCode (3579 bytes)


---------------  P R O C E S S  ---------------

Java Threads: ( => current thread )
  0x0000000057e15000 JavaThread "Abandoned connection cleanup thread" daemon [_thread_blocked, id=6108, stack(0x000000005fcb0000,0x000000005fdb0000)]
  0x0000000058121800 JavaThread "container-0" [_thread_blocked, id=6992, stack(0x000000005e530000,0x000000005e630000)]
  0x0000000057ea5000 JavaThread "ContainerBackgroundProcessor[StandardEngine[Tomcat]]" daemon [_thread_blocked, id=2108, stack(0x000000005a310000,0x000000005a410000)]
  0x000000005bf86000 JavaThread "localhost-startStop-1" daemon [_thread_blocked, id=6176, stack(0x0000000057430000,0x0000000057530000)]
  0x000000005b8cf000 JavaThread "Tomcat-startStop-1" daemon [_thread_blocked, id=2316, stack(0x000000005b3a0000,0x000000005b4a0000)]
  0x0000000057f75800 JavaThread "restartedMain" [_thread_in_vm, id=8172, stack(0x000000005a480000,0x000000005a580000)]
  0x0000000058139800 JavaThread "Thread-1" [_thread_blocked, id=8080, stack(0x0000000059860000,0x0000000059960000)]
  0x0000000057dd9000 JavaThread "RMI TCP Accept-0" daemon [_thread_in_native, id=6240, stack(0x0000000058490000,0x0000000058590000)]
  0x0000000057d84800 JavaThread "RMI TCP Accept-55258" daemon [_thread_in_native, id=4748, stack(0x0000000057290000,0x0000000057390000)]
  0x0000000057cf5000 JavaThread "RMI TCP Accept-0" daemon [_thread_in_native, id=7820, stack(0x00000000577b0000,0x00000000578b0000)]
  0x00000000567fd800 JavaThread "Service Thread" daemon [_thread_blocked, id=7384, stack(0x0000000056ba0000,0x0000000056ca0000)]
  0x0000000056778800 JavaThread "C1 CompilerThread2" daemon [_thread_in_native, id=3720, stack(0x0000000057030000,0x0000000057130000)]
  0x0000000056777800 JavaThread "C2 CompilerThread1" daemon [_thread_in_native, id=7304, stack(0x0000000056f00000,0x0000000057000000)]
=>0x00000000553be000 JavaThread "C2 CompilerThread0" daemon [_thread_in_native, id=7064, stack(0x0000000056d50000,0x0000000056e50000)]
  0x00000000553bb800 JavaThread "Attach Listener" daemon [_thread_blocked, id=1740, stack(0x00000000561d0000,0x00000000562d0000)]
  0x00000000553b7000 JavaThread "Signal Dispatcher" daemon [_thread_blocked, id=4508, stack(0x0000000056660000,0x0000000056760000)]
  0x000000005539e000 JavaThread "Finalizer" daemon [_thread_blocked, id=8152, stack(0x00000000564c0000,0x00000000565c0000)]
  0x0000000055356800 JavaThread "Reference Handler" daemon [_thread_blocked, id=5012, stack(0x0000000056320000,0x0000000056420000)]
  0x0000000001dcb000 JavaThread "main" [_thread_blocked, id=6204, stack(0x0000000002690000,0x0000000002790000)]

Other Threads:
  0x000000005534e800 VMThread [stack: 0x0000000056060000,0x0000000056160000] [id=6196]
  0x0000000057ddf000 WatcherThread [stack: 0x00000000581e0000,0x00000000582e0000] [id=7888]

VM state:not at safepoint (normal execution)

VM Mutex/Monitor currently owned by a thread: None

Heap:
 PSYoungGen      total 163328K, used 54075K [0x00000000eb100000, 0x00000000f9700000, 0x0000000100000000)
  eden space 151040K, 35% used [0x00000000eb100000,0x00000000ee5ceef0,0x00000000f4480000)
  from space 12288K, 0% used [0x00000000f4480000,0x00000000f4480000,0x00000000f5080000)
  to   space 11776K, 0% used [0x00000000f8b80000,0x00000000f8b80000,0x00000000f9700000)
 ParOldGen       total 58368K, used 21215K [0x00000000c1200000, 0x00000000c4b00000, 0x00000000eb100000)
  object space 58368K, 36% used [0x00000000c1200000,0x00000000c26b7e18,0x00000000c4b00000)
 Metaspace       used 39117K, capacity 39662K, committed 39808K, reserved 1083392K
  class space    used 5057K, capacity 5196K, committed 5248K, reserved 1048576K

Card table byte_map: [0x0000000011e20000,0x0000000012020000] byte_map_base: 0x0000000011817000

Marking Bits: (ParMarkBitMap*) 0x000000005a26d850
 Begin Bits: [0x0000000012850000, 0x0000000013808000)
 End Bits:   [0x0000000013808000, 0x00000000147c0000)

Polling page: 0x00000000001c0000

CodeCache: size=245760Kb used=11191Kb max_used=11373Kb free=234568Kb
 bounds [0x0000000002a60000, 0x00000000035b0000, 0x0000000011a60000]
 total_blobs=3541 nmethods=3063 adapters=388
 compilation: enabled

Compilation events (10 events):
Event: 7.987 Thread 0x0000000056778800 nmethod 3519 0x0000000002dd3990 code [0x0000000002dd3c20, 0x0000000002dd4d58]
Event: 7.995 Thread 0x0000000056778800 3520       3       java.net.URLClassLoader$1::run (5 bytes)
Event: 7.995 Thread 0x0000000056778800 nmethod 3520 0x0000000002c0bed0 code [0x0000000002c0c040, 0x0000000002c0c1c8]
Event: 7.997 Thread 0x0000000056777800 3521   !   4       java.lang.ClassLoader::loadClass (122 bytes)
Event: 8.003 Thread 0x0000000056778800 3522       3       java.lang.ClassLoader::getClassLoadingLock (35 bytes)
Event: 8.003 Thread 0x0000000056778800 nmethod 3522 0x0000000002c0b850 code [0x0000000002c0b9c0, 0x0000000002c0bd68]
Event: 8.007 Thread 0x0000000056778800 3523   !   3       java.net.URLClassLoader$1::run (63 bytes)
Event: 8.007 Thread 0x0000000056778800 nmethod 3523 0x0000000003249290 code [0x0000000003249460, 0x0000000003249968]
Event: 8.008 Thread 0x0000000056778800 3524       3       ch.qos.logback.classic.LoggerContext::getLogger (6 bytes)
Event: 8.008 Thread 0x0000000056778800 nmethod 3524 0x0000000002c0b450 code [0x0000000002c0b5c0, 0x0000000002c0b7c8]

GC Heap History (10 events):
Event: 3.297 GC heap before
{Heap before GC invocations=9 (full 1):
 PSYoungGen      total 72704K, used 64512K [0x00000000eb100000, 0x00000000f3f00000, 0x0000000100000000)
  eden space 64512K, 100% used [0x00000000eb100000,0x00000000ef000000,0x00000000ef000000)
  from space 8192K, 0% used [0x00000000ef000000,0x00000000ef000000,0x00000000ef800000)
  to   space 8192K, 0% used [0x00000000f3700000,0x00000000f3700000,0x00000000f3f00000)
 ParOldGen       total 32768K, used 8214K [0x00000000c1200000, 0x00000000c3200000, 0x00000000eb100000)
  object space 32768K, 25% used [0x00000000c1200000,0x00000000c1a05948,0x00000000c3200000)
 Metaspace       used 22685K, capacity 23078K, committed 23344K, reserved 1069056K
  class space    used 2773K, capacity 2910K, committed 2944K, reserved 1048576K
Event: 3.309 GC heap after
Heap after GC invocations=9 (full 1):
 PSYoungGen      total 114688K, used 3662K [0x00000000eb100000, 0x00000000f3b00000, 0x0000000100000000)
  eden space 110592K, 0% used [0x00000000eb100000,0x00000000eb100000,0x00000000f1d00000)
  from space 4096K, 89% used [0x00000000f3700000,0x00000000f3a93b28,0x00000000f3b00000)
  to   space 7680K, 0% used [0x00000000f2c00000,0x00000000f2c00000,0x00000000f3380000)
 ParOldGen       total 32768K, used 8214K [0x00000000c1200000, 0x00000000c3200000, 0x00000000eb100000)
  object space 32768K, 25% used [0x00000000c1200000,0x00000000c1a05948,0x00000000c3200000)
 Metaspace       used 22685K, capacity 23078K, committed 23344K, reserved 1069056K
  class space    used 2773K, capacity 2910K, committed 2944K, reserved 1048576K
}
Event: 4.907 GC heap before
{Heap before GC invocations=10 (full 1):
 PSYoungGen      total 114688K, used 114254K [0x00000000eb100000, 0x00000000f3b00000, 0x0000000100000000)
  eden space 110592K, 100% used [0x00000000eb100000,0x00000000f1d00000,0x00000000f1d00000)
  from space 4096K, 89% used [0x00000000f3700000,0x00000000f3a93b28,0x00000000f3b00000)
  to   space 7680K, 0% used [0x00000000f2c00000,0x00000000f2c00000,0x00000000f3380000)
 ParOldGen       total 32768K, used 8214K [0x00000000c1200000, 0x00000000c3200000, 0x00000000eb100000)
  object space 32768K, 25% used [0x00000000c1200000,0x00000000c1a05948,0x00000000c3200000)
 Metaspace       used 26341K, capacity 26812K, committed 27008K, reserved 1073152K
  class space    used 3271K, capacity 3399K, committed 3456K, reserved 1048576K
Event: 4.917 GC heap after
Heap after GC invocations=10 (full 1):
 PSYoungGen      total 133632K, used 7656K [0x00000000eb100000, 0x00000000f5900000, 0x0000000100000000)
  eden space 125952K, 0% used [0x00000000eb100000,0x00000000eb100000,0x00000000f2c00000)
  from space 7680K, 99% used [0x00000000f2c00000,0x00000000f337a3e8,0x00000000f3380000)
  to   space 8704K, 0% used [0x00000000f5080000,0x00000000f5080000,0x00000000f5900000)
 ParOldGen       total 32768K, used 8642K [0x00000000c1200000, 0x00000000c3200000, 0x00000000eb100000)
  object space 32768K, 26% used [0x00000000c1200000,0x00000000c1a70958,0x00000000c3200000)
 Metaspace       used 26341K, capacity 26812K, committed 27008K, reserved 1073152K
  class space    used 3271K, capacity 3399K, committed 3456K, reserved 1048576K
}
Event: 6.135 GC heap before
{Heap before GC invocations=11 (full 1):
 PSYoungGen      total 133632K, used 133608K [0x00000000eb100000, 0x00000000f5900000, 0x0000000100000000)
  eden space 125952K, 100% used [0x00000000eb100000,0x00000000f2c00000,0x00000000f2c00000)
  from space 7680K, 99% used [0x00000000f2c00000,0x00000000f337a3e8,0x00000000f3380000)
  to   space 8704K, 0% used [0x00000000f5080000,0x00000000f5080000,0x00000000f5900000)
 ParOldGen       total 32768K, used 8642K [0x00000000c1200000, 0x00000000c3200000, 0x00000000eb100000)
  object space 32768K, 26% used [0x00000000c1200000,0x00000000c1a70958,0x00000000c3200000)
 Metaspace       used 30982K, capacity 31454K, committed 31744K, reserved 1077248K
  class space    used 3880K, capacity 4018K, committed 4096K, reserved 1048576K
Event: 6.185 GC heap after
Heap after GC invocations=11 (full 1):
 PSYoungGen      total 159744K, used 8683K [0x00000000eb100000, 0x00000000f7480000, 0x0000000100000000)
  eden space 151040K, 0% used [0x00000000eb100000,0x00000000eb100000,0x00000000f4480000)
  from space 8704K, 99% used [0x00000000f5080000,0x00000000f58fafd0,0x00000000f5900000)
  to   space 12288K, 0% used [0x00000000f4480000,0x00000000f4480000,0x00000000f5080000)
 ParOldGen       total 32768K, used 14919K [0x00000000c1200000, 0x00000000c3200000, 0x00000000eb100000)
  object space 32768K, 45% used [0x00000000c1200000,0x00000000c2091c38,0x00000000c3200000)
 Metaspace       used 30982K, capacity 31454K, committed 31744K, reserved 1077248K
  class space    used 3880K, capacity 4018K, committed 4096K, reserved 1048576K
}
Event: 7.088 GC heap before
{Heap before GC invocations=12 (full 1):
 PSYoungGen      total 159744K, used 72288K [0x00000000eb100000, 0x00000000f7480000, 0x0000000100000000)
  eden space 151040K, 42% used [0x00000000eb100000,0x00000000eef1d058,0x00000000f4480000)
  from space 8704K, 99% used [0x00000000f5080000,0x00000000f58fafd0,0x00000000f5900000)
  to   space 12288K, 0% used [0x00000000f4480000,0x00000000f4480000,0x00000000f5080000)
 ParOldGen       total 32768K, used 14919K [0x00000000c1200000, 0x00000000c3200000, 0x00000000eb100000)
  object space 32768K, 45% used [0x00000000c1200000,0x00000000c2091c38,0x00000000c3200000)
 Metaspace       used 34861K, capacity 35304K, committed 35456K, reserved 1081344K
  class space    used 4318K, capacity 4427K, committed 4480K, reserved 1048576K
Event: 7.135 GC heap after
Heap after GC invocations=12 (full 1):
 PSYoungGen      total 163328K, used 4609K [0x00000000eb100000, 0x00000000f9700000, 0x0000000100000000)
  eden space 151040K, 0% used [0x00000000eb100000,0x00000000eb100000,0x00000000f4480000)
  from space 12288K, 37% used [0x00000000f4480000,0x00000000f4900528,0x00000000f5080000)
  to   space 11776K, 0% used [0x00000000f8b80000,0x00000000f8b80000,0x00000000f9700000)
 ParOldGen       total 32768K, used 23531K [0x00000000c1200000, 0x00000000c3200000, 0x00000000eb100000)
  object space 32768K, 71% used [0x00000000c1200000,0x00000000c28fac28,0x00000000c3200000)
 Metaspace       used 34861K, capacity 35304K, committed 35456K, reserved 1081344K
  class space    used 4318K, capacity 4427K, committed 4480K, reserved 1048576K
}
Event: 7.135 GC heap before
{Heap before GC invocations=13 (full 2):
 PSYoungGen      total 163328K, used 4609K [0x00000000eb100000, 0x00000000f9700000, 0x0000000100000000)
  eden space 151040K, 0% used [0x00000000eb100000,0x00000000eb100000,0x00000000f4480000)
  from space 12288K, 37% used [0x00000000f4480000,0x00000000f4900528,0x00000000f5080000)
  to   space 11776K, 0% used [0x00000000f8b80000,0x00000000f8b80000,0x00000000f9700000)
 ParOldGen       total 32768K, used 23531K [0x00000000c1200000, 0x00000000c3200000, 0x00000000eb100000)
  object space 32768K, 71% used [0x00000000c1200000,0x00000000c28fac28,0x00000000c3200000)
 Metaspace       used 34861K, capacity 35304K, committed 35456K, reserved 1081344K
  class space    used 4318K, capacity 4427K, committed 4480K, reserved 1048576K
Event: 7.327 GC heap after
Heap after GC invocations=13 (full 2):
 PSYoungGen      total 163328K, used 0K [0x00000000eb100000, 0x00000000f9700000, 0x0000000100000000)
  eden space 151040K, 0% used [0x00000000eb100000,0x00000000eb100000,0x00000000f4480000)
  from space 12288K, 0% used [0x00000000f4480000,0x00000000f4480000,0x00000000f5080000)
  to   space 11776K, 0% used [0x00000000f8b80000,0x00000000f8b80000,0x00000000f9700000)
 ParOldGen       total 58368K, used 21215K [0x00000000c1200000, 0x00000000c4b00000, 0x00000000eb100000)
  object space 58368K, 36% used [0x00000000c1200000,0x00000000c26b7e18,0x00000000c4b00000)
 Metaspace       used 34861K, capacity 35304K, committed 35456K, reserved 1081344K
  class space    used 4318K, capacity 4427K, committed 4480K, reserved 1048576K
}

Deoptimization events (10 events):
Event: 6.949 Thread 0x0000000057f75800 Uncommon trap: reason=null_check action=make_not_entrant pc=0x00000000033ca7fc method=org.springframework.beans.factory.support.DefaultListableBeanFactory.getBeanDefinition(Ljava/lang/String;)Lorg/springframework/beans/factory/config/BeanDefinition; @ 10
Event: 7.516 Thread 0x0000000057f75800 Uncommon trap: reason=bimorphic action=maybe_recompile pc=0x0000000003529bdc method=java.lang.ClassLoader.loadClass(Ljava/lang/String;Z)Ljava/lang/Class; @ 2
Event: 7.516 Thread 0x0000000057f75800 Uncommon trap: reason=unstable_if action=reinterpret pc=0x00000000035030ac method=java.lang.ClassLoader.getClassLoadingLock(Ljava/lang/String;)Ljava/lang/Object; @ 6
Event: 7.517 Thread 0x0000000057f75800 Uncommon trap: reason=bimorphic action=maybe_recompile pc=0x0000000003529bdc method=java.lang.ClassLoader.loadClass(Ljava/lang/String;Z)Ljava/lang/Class; @ 2
Event: 7.606 Thread 0x0000000057f75800 Uncommon trap: reason=unstable_if action=reinterpret pc=0x0000000002e347d4 method=java.io.DataInputStream.readUTF(Ljava/io/DataInput;)Ljava/lang/String; @ 31
Event: 7.750 Thread 0x0000000057f75800 Uncommon trap: reason=unstable_if action=reinterpret pc=0x0000000002e00f64 method=java.util.HashMap.hash(Ljava/lang/Object;)I @ 1
Event: 7.766 Thread 0x0000000057f75800 Uncommon trap: reason=bimorphic action=maybe_recompile pc=0x0000000003529bdc method=java.lang.ClassLoader.loadClass(Ljava/lang/String;Z)Ljava/lang/Class; @ 2
Event: 7.965 Thread 0x0000000057f75800 Uncommon trap: reason=bimorphic action=maybe_recompile pc=0x0000000003529bdc method=java.lang.ClassLoader.loadClass(Ljava/lang/String;Z)Ljava/lang/Class; @ 2
Event: 7.965 Thread 0x0000000057f75800 Uncommon trap: reason=unstable_if action=reinterpret pc=0x0000000003262d44 method=java.net.URLClassLoader.definePackageInternal(Ljava/lang/String;Ljava/util/jar/Manifest;Ljava/net/URL;)V @ 11
Event: 7.978 Thread 0x0000000057f75800 Uncommon trap: reason=unstable_if action=reinterpret pc=0x000000000322ce74 method=java.net.URLClassLoader.getAndVerifyPackage(Ljava/lang/String;Ljava/util/jar/Manifest;Ljava/net/URL;)Ljava/lang/Package; @ 62

Internal exceptions (10 events):
Event: 6.968 Thread 0x0000000057f75800 Exception <a 'java/lang/ClassNotFoundException': org/springframework/beans/factory/BeanClassLoaderAwareCustomizer> (0x00000000ee6f4588) thrown at [C:\re\workspace\8-2-build-windows-amd64-cygwin\jdk8u151\9699\hotspot\src\share\vm\classfile\systemDictionary
Event: 6.969 Thread 0x0000000057f75800 Exception <a 'java/lang/ClassNotFoundException': org/springframework/beans/factory/BeanFactoryAwareCustomizer> (0x00000000ee70bbd8) thrown at [C:\re\workspace\8-2-build-windows-amd64-cygwin\jdk8u151\9699\hotspot\src\share\vm\classfile\systemDictionary.cpp
Event: 6.970 Thread 0x0000000057f75800 Exception <a 'java/lang/ClassNotFoundException': org/springframework/beans/factory/BeanNameAwareCustomizer> (0x00000000ee722868) thrown at [C:\re\workspace\8-2-build-windows-amd64-cygwin\jdk8u151\9699\hotspot\src\share\vm\classfile\systemDictionary.cpp, l
Event: 6.971 Thread 0x0000000057f75800 Exception <a 'java/lang/ClassNotFoundException': org/springframework/beans/factory/InitializingBeanCustomizer> (0x00000000ee739dd8) thrown at [C:\re\workspace\8-2-build-windows-amd64-cygwin\jdk8u151\9699\hotspot\src\share\vm\classfile\systemDictionary.cpp
Event: 6.972 Thread 0x0000000057f75800 Exception <a 'java/lang/ClassNotFoundException': org/springframework/beans/factory/DisposableBeanCustomizer> (0x00000000ee74fc40) thrown at [C:\re\workspace\8-2-build-windows-amd64-cygwin\jdk8u151\9699\hotspot\src\share\vm\classfile\systemDictionary.cpp, 
Event: 6.973 Thread 0x0000000057f75800 Exception <a 'java/lang/ClassNotFoundException': org/springframework/orm/jpa/EntityManagerFactoryInfoCustomizer> (0x00000000ee766fa8) thrown at [C:\re\workspace\8-2-build-windows-amd64-cygwin\jdk8u151\9699\hotspot\src\share\vm\classfile\systemDictionary.c
Event: 6.974 Thread 0x0000000057f75800 Exception <a 'java/lang/ClassNotFoundException': org/springframework/dao/support/PersistenceExceptionTranslatorCustomizer> (0x00000000ee78a298) thrown at [C:\re\workspace\8-2-build-windows-amd64-cygwin\jdk8u151\9699\hotspot\src\share\vm\classfile\systemDi
Event: 6.975 Thread 0x0000000057f75800 Exception <a 'java/lang/ClassNotFoundException': java/io/SerializableCustomizer> (0x00000000ee793108) thrown at [C:\re\workspace\8-2-build-windows-amd64-cygwin\jdk8u151\9699\hotspot\src\share\vm\classfile\systemDictionary.cpp, line 210]
Event: 7.750 Thread 0x0000000057f75800 Implicit null exception at 0x0000000002e00d45 to 0x0000000002e00f55
Event: 7.813 Thread 0x0000000057f75800 Exception <a 'java/lang/NullPointerException'> (0x00000000ed163b18) thrown at [C:\re\workspace\8-2-build-windows-amd64-cygwin\jdk8u151\9699\hotspot\src\share\vm\runtime\reflection.cpp, line 922]

Events (10 events):
Event: 8.024 loading class org/hibernate/annotations/NamedQueries
Event: 8.024 loading class org/hibernate/annotations/NamedQueries done
Event: 8.024 loading class org/hibernate/annotations/NamedNativeQuery
Event: 8.024 loading class org/hibernate/annotations/NamedNativeQuery done
Event: 8.024 loading class javax/persistence/NamedNativeQueries
Event: 8.024 loading class javax/persistence/NamedNativeQueries done
Event: 8.025 loading class org/hibernate/annotations/NamedNativeQueries
Event: 8.025 loading class org/hibernate/annotations/NamedNativeQueries done
Event: 8.025 loading class org/hibernate/annotations/FilterDef
Event: 8.025 loading class org/hibernate/annotations/FilterDef done


Dynamic libraries:
0x000000013f670000 - 0x000000013f6a7000 	C:\Program Files\Java\jre1.8.0_151\bin\javaw.exe
0x0000000077590000 - 0x000000007773a000 	C:\Windows\SYSTEM32\ntdll.dll
0x0000000077470000 - 0x000000007758f000 	C:\Windows\system32\kernel32.dll
0x000007fefd360000 - 0x000007fefd3ca000 	C:\Windows\system32\KERNELBASE.dll
0x000007fefd730000 - 0x000007fefd80b000 	C:\Windows\system32\ADVAPI32.dll
0x000007fefda20000 - 0x000007fefdabf000 	C:\Windows\system32\msvcrt.dll
0x000007feff250000 - 0x000007feff26f000 	C:\Windows\SYSTEM32\sechost.dll
0x000007fefde70000 - 0x000007fefdf9d000 	C:\Windows\system32\RPCRT4.dll
0x0000000077370000 - 0x000000007746a000 	C:\Windows\system32\USER32.dll
0x000007fefdd30000 - 0x000007fefdd97000 	C:\Windows\system32\GDI32.dll
0x000007fefee60000 - 0x000007fefee6e000 	C:\Windows\system32\LPK.dll
0x000007feff270000 - 0x000007feff33a000 	C:\Windows\system32\USP10.dll
0x000007fefc340000 - 0x000007fefc534000 	C:\Windows\WinSxS\amd64_microsoft.windows.common-controls_6595b64144ccf1df_6.0.7601.18837_none_fa3b1e3d17594757\COMCTL32.dll
0x000007fefdac0000 - 0x000007fefdb31000 	C:\Windows\system32\SHLWAPI.dll
0x000007fefee30000 - 0x000007fefee5e000 	C:\Windows\system32\IMM32.DLL
0x000007feff140000 - 0x000007feff249000 	C:\Windows\system32\MSCTF.dll
0x0000000058390000 - 0x0000000058462000 	C:\Program Files\Java\jre1.8.0_151\bin\msvcr100.dll
0x0000000059a50000 - 0x000000005a2ed000 	C:\Program Files\Java\jre1.8.0_151\bin\server\jvm.dll
0x000007feec880000 - 0x000007feec889000 	C:\Windows\system32\WSOCK32.dll
0x000007fefdda0000 - 0x000007fefdded000 	C:\Windows\system32\WS2_32.dll
0x000007fefdb40000 - 0x000007fefdb48000 	C:\Windows\system32\NSI.dll
0x000007fefae30000 - 0x000007fefae6b000 	C:\Windows\system32\WINMM.dll
0x000007fefc0a0000 - 0x000007fefc0ac000 	C:\Windows\system32\VERSION.dll
0x0000000077760000 - 0x0000000077767000 	C:\Windows\system32\PSAPI.DLL
0x000000005b560000 - 0x000000005b56f000 	C:\Program Files\Java\jre1.8.0_151\bin\verify.dll
0x000000005b530000 - 0x000000005b559000 	C:\Program Files\Java\jre1.8.0_151\bin\java.dll
0x000000005b510000 - 0x000000005b526000 	C:\Program Files\Java\jre1.8.0_151\bin\zip.dll
0x000007fefdfc0000 - 0x000007fefed4a000 	C:\Windows\system32\SHELL32.dll
0x000007fefd810000 - 0x000007fefda13000 	C:\Windows\system32\ole32.dll
0x000007fefd320000 - 0x000007fefd32f000 	C:\Windows\system32\profapi.dll
0x0000000063730000 - 0x000000006373d000 	C:\Program Files\Java\jre1.8.0_151\bin\management.dll
0x000000005b4f0000 - 0x000000005b50a000 	C:\Program Files\Java\jre1.8.0_151\bin\net.dll
0x000007fefcab0000 - 0x000007fefcb05000 	C:\Windows\system32\mswsock.dll
0x000007fefcaa0000 - 0x000007fefcaa7000 	C:\Windows\System32\wship6.dll
0x000000005b4d0000 - 0x000000005b4e1000 	C:\Program Files\Java\jre1.8.0_151\bin\nio.dll
0x000007fefa9e0000 - 0x000007fefa9f5000 	C:\Windows\system32\NLAapi.dll
0x000007fef6a80000 - 0x000007fef6a95000 	C:\Windows\system32\napinsp.dll
0x000007fef6a60000 - 0x000007fef6a79000 	C:\Windows\system32\pnrpnsp.dll
0x000007fefc930000 - 0x000007fefc98b000 	C:\Windows\system32\DNSAPI.dll
0x000007fef6990000 - 0x000007fef699b000 	C:\Windows\System32\winrnr.dll
0x000007fef6980000 - 0x000007fef6990000 	C:\Windows\system32\wshbth.dll
0x000007fefc170000 - 0x000007fefc177000 	C:\Windows\System32\wshtcpip.dll
0x000007fefa070000 - 0x000007fefa097000 	C:\Windows\system32\IPHLPAPI.DLL
0x000007fefa170000 - 0x000007fefa17b000 	C:\Windows\system32\WINNSI.DLL
0x000007fef7840000 - 0x000007fef7848000 	C:\Windows\system32\rasadhlp.dll
0x000007fefa110000 - 0x000007fefa163000 	C:\Windows\System32\fwpuclnt.dll
0x000007fefcb10000 - 0x000007fefcb28000 	C:\Windows\system32\CRYPTSP.dll
0x000007fefc810000 - 0x000007fefc857000 	C:\Windows\system32\rsaenh.dll
0x000007fefd340000 - 0x000007fefd35e000 	C:\Windows\system32\USERENV.dll
0x000007fefd1b0000 - 0x000007fefd1bf000 	C:\Windows\system32\CRYPTBASE.dll
0x000007fef9f90000 - 0x000007fef9fa8000 	C:\Windows\system32\dhcpcsvc.DLL
0x000007fef9f70000 - 0x000007fef9f81000 	C:\Windows\system32\dhcpcsvc6.DLL
0x000007fef87b0000 - 0x000007fef88d5000 	C:\Windows\system32\dbghelp.dll

VM Arguments:
jvm_args: -Dcom.sun.management.jmxremote -Dcom.sun.management.jmxremote.port=55258 -Dcom.sun.management.jmxremote.authenticate=false -Dcom.sun.management.jmxremote.ssl=false -Djava.rmi.server.hostname=localhost -Dspring.liveBeansView.mbeanDomain -Dspring.application.admin.enabled=true -Dfile.encoding=UTF-8 
java_command: org.marketingsms.MarketingsmsApplication
java_class_path (initial): C:\Users\Nassim\workspace\Marketingsms\target\classes;C:\Users\Nassim\.m2\repository\org\springframework\boot\spring-boot-starter-data-jpa\1.5.9.RELEASE\spring-boot-starter-data-jpa-1.5.9.RELEASE.jar;C:\Users\Nassim\.m2\repository\org\springframework\boot\spring-boot-starter\1.5.9.RELEASE\spring-boot-starter-1.5.9.RELEASE.jar;C:\Users\Nassim\.m2\repository\org\springframework\boot\spring-boot-starter-logging\1.5.9.RELEASE\spring-boot-starter-logging-1.5.9.RELEASE.jar;C:\Users\Nassim\.m2\repository\ch\qos\logback\logback-classic\1.1.11\logback-classic-1.1.11.jar;C:\Users\Nassim\.m2\repository\ch\qos\logback\logback-core\1.1.11\logback-core-1.1.11.jar;C:\Users\Nassim\.m2\repository\org\slf4j\jul-to-slf4j\1.7.25\jul-to-slf4j-1.7.25.jar;C:\Users\Nassim\.m2\repository\org\slf4j\log4j-over-slf4j\1.7.25\log4j-over-slf4j-1.7.25.jar;C:\Users\Nassim\.m2\repository\org\yaml\snakeyaml\1.17\snakeyaml-1.17.jar;C:\Users\Nassim\.m2\repository\org\springframework\boot\spring-boot-starter-aop\1.5.9.RELEASE\spring-boot-starter-aop-1.5.9.RELEASE.jar;C:\Users\Nassim\.m2\repository\org\aspectj\aspectjweaver\1.8.13\aspectjweaver-1.8.13.jar;C:\Users\Nassim\.m2\repository\org\springframework\boot\spring-boot-starter-jdbc\1.5.9.RELEASE\spring-boot-starter-jdbc-1.5.9.RELEASE.jar;C:\Users\Nassim\.m2\repository\org\apache\tomcat\tomcat-jdbc\8.5.23\tomcat-jdbc-8.5.23.jar;C:\Users\Nassim\.m2\repository\org\apache\tomcat\tomcat-juli\8.5.23\tomcat-juli-8.5.23.jar;C:\Users\Nassim\.m2\repository\org\springframework\spring-jdbc\4.3.13.RELEASE\spring-jdbc-4.3.13.RELEASE.jar;C:\Users\Nassim\.m2\repository\org\hibernate\hibernate-entitymanager\5.0.12.Final\hibernate-entitymanager-5.0.12.Final.jar;C:\Users\Nassim\.m2\repository\javax\transaction\javax.transaction-api\1.2\javax.transaction-api-1.2.jar;C:\Users\Nassim\.m2\repository\org\springframework\data\spring-data-jpa\1.11.9.RELEASE\spring-data-jpa-1.11.9.RELEASE.jar;C:\Users\Nassim\.m2\repository\org\springframework\data\s
Launcher Type: SUN_STANDARD

Environment Variables:
PATH=C:/Program Files/Java/jre1.8.0_151/bin/server;C:/Program Files/Java/jre1.8.0_151/bin;C:/Program Files/Java/jre1.8.0_151/lib/amd64;C:\ProgramData\Oracle\Java\javapath;C:\Program Files (x86)\CollabNet;C:\Program Files (x86)\Embarcadero\Studio\15.0\bin;C:\Users\Public\Documents\Embarcadero\Studio\15.0\Bpl;C:\Program Files (x86)\Embarcadero\Studio\15.0\bin64;C:\Users\Public\Documents\Embarcadero\Studio\15.0\Bpl\Win64;C:\PVSW\Bin;C:\Inprise\vbroker\bin;C:\Bin;C:\Projects\Bpl\;C:\Program Files\Broadcom\Broadcom 802.11\Driver;C:\Windows\system32;C:\Windows;C:\Windows\System32\Wbem;C:\Windows\System32\WindowsPowerShell\v1.0\;C:\Program Files\WIDCOMM\Bluetooth Software\;C:\Program Files\WIDCOMM\Bluetooth Software\syswow64;C:\Program Files (x86)\Axalto\Access Client\v5\;C:\Program Files\Gemalto\Access Client\v5\;C:\Program Files (x86)\Gemalto\Access Client\v5\;C:\Program Files\Gemalto\Classic Client\BIN;C:\Program Files (x86)\Gemalto\Classic Client\BIN;C:\Program Files (x86)\Skype\Phone\;C:\Program Files\Git\cmd;C:\Program Files\Heroku\bin;C:\Users\Nassim\Desktop\java ee\eclipse;
USERNAME=Nassim
OS=Windows_NT
PROCESSOR_IDENTIFIER=Intel64 Family 6 Model 61 Stepping 4, GenuineIntel



---------------  S Y S T E M  ---------------

OS: Windows 7 , 64 bit Build 7601 (6.1.7601.23539)

CPU:total 4 (initial active 4) (2 cores per cpu, 2 threads per core) family 6 model 61 stepping 4, cmov, cx8, fxsr, mmx, sse, sse2, sse3, ssse3, sse4.1, sse4.2, popcnt, avx, avx2, aes, clmul, erms, 3dnowpref, lzcnt, ht, tsc, tscinvbit, bmi1, bmi2, adx

Memory: 4k page, physical 4114716k(1033452k free), swap 8227572k(3174280k free)

vm_info: Java HotSpot(TM) 64-Bit Server VM (25.151-b12) for windows-amd64 JRE (1.8.0_151-b12), built on Sep  5 2017 19:33:46 by "java_re" with MS VC++ 10.0 (VS2010)

time: Wed Dec 20 20:15:30 2017
elapsed time: 8 seconds (0d 0h 0m 8s)

